{
  "stats": {
    "suites": 1,
    "tests": 9,
    "passes": 9,
    "pending": 0,
    "failures": 0,
    "start": "2021-06-09T14:04:53.184Z",
    "end": "2021-06-09T14:04:59.923Z",
    "duration": 6739,
    "testsRegistered": 9,
    "passPercent": 100,
    "pendingPercent": 0,
    "other": 0,
    "hasOther": false,
    "skipped": 0,
    "hasSkipped": false,
    "passPercentClass": "success",
    "pendingPercentClass": "danger"
  },
  "suites": {
    "uuid": "89668a64-24fa-43d8-8cc8-50fc6ba7e1bc",
    "title": "",
    "fullFile": "",
    "file": "",
    "beforeHooks": [],
    "afterHooks": [],
    "tests": [],
    "suites": [
      {
        "uuid": "135abb8c-dd44-4288-a70d-24ef59986041",
        "title": "Cenários de Testes - Pet Store",
        "fullFile": "/Users/darling.lopes/Documents/Darling/api_test_PetStore/teste/teste.js",
        "file": "/teste/teste.js",
        "beforeHooks": [],
        "afterHooks": [],
        "tests": [
          {
            "title": "Criar Novo Usuário",
            "fullTitle": "Cenários de Testes - Pet Store Criar Novo Usuário",
            "timedOut": false,
            "duration": 811,
            "state": "passed",
            "speed": "slow",
            "pass": true,
            "fail": false,
            "pending": false,
            "code": "this.timeout(request_timeout);\nrequest(URL)\n.post(PATH_USER)\n.send(novo_user)\n.expect(\"Content-Type\", /json/)\n.end(function(err, res) {\n  nome_user = (novo_user.username);\n  expect(res.status).to.be.eql(200);\n  joiAssert(res.body, schemaUserCriado);\n  done(err);\n});",
            "err": {},
            "isRoot": false,
            "uuid": "1fb76912-fc33-4423-bde6-d37764dc6d3a",
            "isHook": false,
            "skipped": false
          },
          {
            "title": "Buscar Usuário Criado",
            "fullTitle": "Cenários de Testes - Pet Store Buscar Usuário Criado",
            "timedOut": false,
            "duration": 727,
            "state": "passed",
            "speed": "slow",
            "pass": true,
            "fail": false,
            "pending": false,
            "code": "this.timeout(request_timeout);\nrequest(URL)\n.get(PATH_USER + '/' + nome_user)\n.expect(\"Content-Type\", /json/)\n.end(function(err, res) {\n  expect(res.status).to.be.eql(200);\n  joiAssert(res.body, schemaUser);\n  done(err);\n});",
            "err": {},
            "isRoot": false,
            "uuid": "a5892d86-f931-4c14-9713-3a7bd77d832b",
            "isHook": false,
            "skipped": false
          },
          {
            "title": "Buscar Usuário - Inválido 404",
            "fullTitle": "Cenários de Testes - Pet Store Buscar Usuário - Inválido 404",
            "timedOut": false,
            "duration": 648,
            "state": "passed",
            "speed": "slow",
            "pass": true,
            "fail": false,
            "pending": false,
            "code": "this.timeout(request_timeout);\nrequest(URL)\n.get(PATH_USER + '/' + nome_user_invalido)\n.expect(\"Content-Type\", /json/)\n.end(function(err, res) {\n  expect(res.status).to.be.eql(404);\n  done(err);\n});",
            "err": {},
            "isRoot": false,
            "uuid": "9ca46748-68d9-4793-83ee-2ee44ab656fe",
            "isHook": false,
            "skipped": false
          },
          {
            "title": "Buscar Usuário - Sem Passar Username 405",
            "fullTitle": "Cenários de Testes - Pet Store Buscar Usuário - Sem Passar Username 405",
            "timedOut": false,
            "duration": 816,
            "state": "passed",
            "speed": "slow",
            "pass": true,
            "fail": false,
            "pending": false,
            "code": "this.timeout(request_timeout);\nrequest(URL)\n.get(PATH_USER)\n.end(function(err, res) {\n  expect(res.status).to.be.eql(405);\n  done(err);\n});",
            "err": {},
            "isRoot": false,
            "uuid": "1ee70a8a-6d47-4376-9291-dbcd8bfef096",
            "isHook": false,
            "skipped": false
          },
          {
            "title": "Alterar Informações do Usuário",
            "fullTitle": "Cenários de Testes - Pet Store Alterar Informações do Usuário",
            "timedOut": false,
            "duration": 834,
            "state": "passed",
            "speed": "slow",
            "pass": true,
            "fail": false,
            "pending": false,
            "code": "this.timeout(request_timeout);\nrequest(URL)\n.put(PATH_USER + '/' + nome_user)\n.send(novo_user_alt_infos)\n.expect(\"Content-Type\", /json/)\n.end(function(err, res) {\n  expect(res.status).to.be.eql(200);\n  done(err);\n});",
            "err": {},
            "isRoot": false,
            "uuid": "953bbeed-567a-42df-9ef3-d1f7461382e5",
            "isHook": false,
            "skipped": false
          },
          {
            "title": "Validar Informações Alteradas do Usuário",
            "fullTitle": "Cenários de Testes - Pet Store Validar Informações Alteradas do Usuário",
            "timedOut": false,
            "duration": 644,
            "state": "passed",
            "speed": "slow",
            "pass": true,
            "fail": false,
            "pending": false,
            "code": "this.timeout(request_timeout);\nrequest(URL)\n.get(PATH_USER + '/' + nome_user)\n.expect(\"Content-Type\", /json/)\n.end(function(err, res) {\n  expect(res.status).to.be.eql(200);\n  expect(res.body).to.be.eql(novo_user_alt_infos);\n  joiAssert(res.body, schemaUser);\n  done(err);\n});",
            "err": {},
            "isRoot": false,
            "uuid": "8aa7fa17-a675-45ba-8a6d-acb683ceaf6b",
            "isHook": false,
            "skipped": false
          },
          {
            "title": "Buscar Usuário Criado - Exibindo Campos",
            "fullTitle": "Cenários de Testes - Pet Store Buscar Usuário Criado - Exibindo Campos",
            "timedOut": false,
            "duration": 613,
            "state": "passed",
            "speed": "slow",
            "pass": true,
            "fail": false,
            "pending": false,
            "code": "this.timeout(request_timeout);\nrequest(URL)\n.get(PATH_USER + '/' + nome_user)\n.expect(\"Content-Type\", /json/)\n.end(function(err, res) {\n  console.log(`O Id do usuário: ${res.body.id}`);\n  console.log(`O Username: ${res.body.username}`);\n  console.log(`O Primeiro nome: ${res.body.firstName}`);\n  console.log(`O Sobrenome: ${res.body.lastName}`);\n  console.log(`O Email: ${res.body.email}`);\n  console.log(`O Password: ${res.body.password}`);\n  console.log(`O Telefone: ${res.body.phone}`);\n  console.log(`O status do usuário: ${res.body.userStatus}`);\n  expect(res.status).to.be.eql(200);\n  joiAssert(res.body, schemaUser);\n  done(err);\n});",
            "err": {},
            "isRoot": false,
            "uuid": "a3235d70-f2e9-491a-9877-816f397c7910",
            "isHook": false,
            "skipped": false
          },
          {
            "title": "Deletar Usuário",
            "fullTitle": "Cenários de Testes - Pet Store Deletar Usuário",
            "timedOut": false,
            "duration": 817,
            "state": "passed",
            "speed": "slow",
            "pass": true,
            "fail": false,
            "pending": false,
            "code": "this.timeout(request_timeout);\nrequest(URL)\n.delete(PATH_USER + '/' + nome_user)\n.expect(\"Content-Type\", /json/)\n.end(function(err, res) {\n  expect(res.status).to.be.eql(200);\n  done(err);\n});",
            "err": {},
            "isRoot": false,
            "uuid": "00ec6ff2-c8fb-4bf2-9592-3912356f2cd0",
            "isHook": false,
            "skipped": false
          },
          {
            "title": "Validar Usuário Deletado",
            "fullTitle": "Cenários de Testes - Pet Store Validar Usuário Deletado",
            "timedOut": false,
            "duration": 805,
            "state": "passed",
            "speed": "slow",
            "pass": true,
            "fail": false,
            "pending": false,
            "code": "this.timeout(request_timeout);\nrequest(URL)\n.get(PATH_USER + '/' + nome_user)\n.expect(\"Content-Type\", /json/)\n.end(function(err, res) {\n  expect(res.status).to.be.eql(404);\n  done(err);\n});",
            "err": {},
            "isRoot": false,
            "uuid": "34c24838-5ad9-41e2-99bd-b00b9c53212b",
            "isHook": false,
            "skipped": false
          }
        ],
        "suites": [],
        "passes": [
          "1fb76912-fc33-4423-bde6-d37764dc6d3a",
          "a5892d86-f931-4c14-9713-3a7bd77d832b",
          "9ca46748-68d9-4793-83ee-2ee44ab656fe",
          "1ee70a8a-6d47-4376-9291-dbcd8bfef096",
          "953bbeed-567a-42df-9ef3-d1f7461382e5",
          "8aa7fa17-a675-45ba-8a6d-acb683ceaf6b",
          "a3235d70-f2e9-491a-9877-816f397c7910",
          "00ec6ff2-c8fb-4bf2-9592-3912356f2cd0",
          "34c24838-5ad9-41e2-99bd-b00b9c53212b"
        ],
        "failures": [],
        "pending": [],
        "skipped": [],
        "duration": 6715,
        "root": false,
        "rootEmpty": false,
        "_timeout": 2000
      }
    ],
    "passes": [],
    "failures": [],
    "pending": [],
    "skipped": [],
    "duration": 0,
    "root": true,
    "rootEmpty": true,
    "_timeout": 2000
  },
  "copyrightYear": 2021
}